<?xml version="1.0" encoding="utf-8"?><testsuites name="pytest tests"><testsuite name="pytest" errors="0" failures="0" skipped="2" tests="10" time="3.054" timestamp="2026-02-20T13:21:20.198689+00:00" hostname="agent-env-017f68bb-50e6-43b5-aec8-420c441da29f"><testcase classname="tests.test_iteration5_features.TestPortfolioUSDFields" name="test_portfolio_returns_usd_rate" time="0.751" /><testcase classname="tests.test_iteration5_features.TestPortfolioUSDFields" name="test_portfolio_returns_total_monthly_return_usd" time="0.151" /><testcase classname="tests.test_iteration5_features.TestPortfolioUSDFields" name="test_usd_rate_endpoint" time="0.175" /><testcase classname="tests.test_iteration5_features.TestPartialSell" name="test_sell_with_invalid_shares_returns_error" time="0.120"><skipped type="pytest.skip" message="No investments to test sell functionality">/app/backend/tests/test_iteration5_features.py:136: No investments to test sell functionality</skipped></testcase><testcase classname="tests.test_iteration5_features.TestPartialSell" name="test_sell_with_invalid_portfolio_id" time="0.162" /><testcase classname="tests.test_iteration5_features.TestSellRequestModel" name="test_sell_request_requires_portfolio_id" time="0.124" /><testcase classname="tests.test_iteration5_features.TestInvestmentWithUSDFields" name="test_investment_tiers" time="0.524" /><testcase classname="tests.test_iteration5_features.TestFullSellFlow" name="test_invest_and_partial_sell_flow" time="0.715"><skipped type="pytest.skip" message="KYC required for investment - cannot test full sell flow without approved KYC">/app/backend/tests/test_iteration5_features.py:252: KYC required for investment - cannot test full sell flow without approved KYC</skipped></testcase><testcase classname="tests.test_iteration5_features.TestPortfolioInvestmentUSDFields" name="test_investment_has_monthly_return_usd" time="0.159" /><testcase classname="tests.test_iteration5_features.TestPortfolioInvestmentUSDFields" name="test_investment_has_amount_usd" time="0.105" /></testsuite></testsuites>