<?xml version="1.0" encoding="utf-8"?><testsuites name="pytest tests"><testsuite name="pytest" errors="0" failures="0" skipped="0" tests="12" time="6.653" timestamp="2026-02-19T17:42:02.006021+00:00" hostname="agent-env-017f68bb-50e6-43b5-aec8-420c441da29f"><testcase classname="backend.tests.test_withdrawal_flow.TestBanksEndpoint" name="test_get_banks_returns_list" time="0.150" /><testcase classname="backend.tests.test_withdrawal_flow.TestBanksEndpoint" name="test_bank_structure" time="0.154" /><testcase classname="backend.tests.test_withdrawal_flow.TestWithdrawEndpointWithSystemBank" name="test_withdraw_with_system_bank" time="0.837" /><testcase classname="backend.tests.test_withdrawal_flow.TestWithdrawEndpointWithSystemBank" name="test_withdraw_with_system_bank_does_not_deduct_balance" time="1.007" /><testcase classname="backend.tests.test_withdrawal_flow.TestWithdrawEndpointWithManualIBAN" name="test_withdraw_with_manual_iban" time="0.645" /><testcase classname="backend.tests.test_withdrawal_flow.TestWithdrawEndpointWithManualIBAN" name="test_withdraw_with_manual_iban_default_bank_name" time="0.566" /><testcase classname="backend.tests.test_withdrawal_flow.TestWithdrawEndpointValidation" name="test_withdraw_without_bank_info_returns_400" time="0.596" /><testcase classname="backend.tests.test_withdrawal_flow.TestWithdrawEndpointValidation" name="test_withdraw_with_iban_but_no_account_holder_returns_400" time="0.472" /><testcase classname="backend.tests.test_withdrawal_flow.TestWithdrawEndpointValidation" name="test_withdraw_exceeds_balance_returns_400" time="0.548" /><testcase classname="backend.tests.test_withdrawal_flow.TestWithdrawEndpointValidation" name="test_withdraw_zero_amount_returns_400" time="0.566" /><testcase classname="backend.tests.test_withdrawal_flow.TestWithdrawEndpointValidation" name="test_withdraw_user_with_zero_balance" time="0.535" /><testcase classname="backend.tests.test_withdrawal_flow.TestAdminTransactionsWithdrawalDetails" name="test_admin_transactions_include_withdrawal_details" time="0.528" /></testsuite></testsuites>