<?xml version="1.0" encoding="utf-8"?><testsuites name="pytest tests"><testsuite name="pytest" errors="0" failures="0" skipped="0" tests="18" time="13.408" timestamp="2026-02-20T18:58:47.415017+00:00" hostname="agent-env-017f68bb-50e6-43b5-aec8-420c441da29f"><testcase classname="backend.tests.test_iteration6_features.TestAuthFlows" name="test_admin_login_with_email_password_success" time="0.378" /><testcase classname="backend.tests.test_iteration6_features.TestAuthFlows" name="test_investor_cannot_login_with_email_password" time="1.162" /><testcase classname="backend.tests.test_iteration6_features.TestAuthFlows" name="test_investor_login_with_tc_kimlik_success" time="1.123" /><testcase classname="backend.tests.test_iteration6_features.TestAuthFlows" name="test_investor_login_wrong_tc_kimlik" time="0.168" /><testcase classname="backend.tests.test_iteration6_features.TestAdminUserCreation" name="test_create_user_with_valid_tc_kimlik" time="0.758" /><testcase classname="backend.tests.test_iteration6_features.TestAdminUserCreation" name="test_create_user_with_invalid_tc_kimlik_rejects" time="0.457" /><testcase classname="backend.tests.test_iteration6_features.TestAdminUserCreation" name="test_create_user_duplicate_tc_kimlik_rejects" time="0.932" /><testcase classname="backend.tests.test_iteration6_features.TestSimplifiedTransactions" name="test_deposit_request_simplified" time="1.300" /><testcase classname="backend.tests.test_iteration6_features.TestSimplifiedTransactions" name="test_withdraw_request_simplified" time="1.414" /><testcase classname="backend.tests.test_iteration6_features.TestWithdrawalWarning" name="test_withdrawal_check_endpoint" time="0.499" /><testcase classname="backend.tests.test_iteration6_features.TestTradeRequests" name="test_get_trade_requests_user" time="1.444" /><testcase classname="backend.tests.test_iteration6_features.TestTradeRequests" name="test_get_admin_trade_requests" time="0.491" /><testcase classname="backend.tests.test_iteration6_features.TestTradeRequests" name="test_invest_creates_pending_request" time="1.474" /><testcase classname="backend.tests.test_iteration6_features.TestTradeRequests" name="test_sell_creates_pending_request" time="0.542" /><testcase classname="backend.tests.test_iteration6_features.TestAdminTradeRequestApproval" name="test_admin_can_view_pending_requests" time="0.500" /><testcase classname="backend.tests.test_iteration6_features.TestEndpointAccess" name="test_projects_public_access" time="0.257" /><testcase classname="backend.tests.test_iteration6_features.TestEndpointAccess" name="test_usd_rate_endpoint" time="0.145" /><testcase classname="backend.tests.test_iteration6_features.TestEndpointAccess" name="test_protected_endpoint_without_token" time="0.298" /></testsuite></testsuites>